{"D:\\Hacktiv8\\Phase-2Repeat\\IP-RMT48\\server\\app.js": {"path":"D:\\Hacktiv8\\Phase-2Repeat\\IP-RMT48\\server\\app.js","statementMap":{"0":{"start":{"line":1,"column":16},"end":{"line":1,"column":34}},"1":{"start":{"line":2,"column":13},"end":{"line":2,"column":28}},"2":{"start":{"line":3,"column":12},"end":{"line":3,"column":21}},"3":{"start":{"line":5,"column":0},"end":{"line":7,"column":5}},"4":{"start":{"line":6,"column":4},"end":{"line":6,"column":60}},"5":{"start":{"line":10,"column":0},"end":{"line":10,"column":24}},"6":{"start":{"line":11,"column":0},"end":{"line":11,"column":48}},"7":{"start":{"line":14,"column":0},"end":{"line":14,"column":36}},"8":{"start":{"line":17,"column":0},"end":{"line":17,"column":16}},"9":{"start":{"line":20,"column":0},"end":{"line":20,"column":47}},"10":{"start":{"line":22,"column":0},"end":{"line":22,"column":21}}},"fnMap":{"0":{"name":"(anonymous_0)","decl":{"start":{"line":5,"column":13},"end":{"line":5,"column":14}},"loc":{"start":{"line":5,"column":27},"end":{"line":7,"column":3}},"line":5}},"branchMap":{},"s":{"0":1,"1":1,"2":1,"3":1,"4":0,"5":1,"6":1,"7":1,"8":1,"9":1,"10":1},"f":{"0":0},"b":{},"_coverageSchema":"1a1c01bbd47fc00a2c39e90264f33305004495a9","hash":"1ea31fd30a7a0b1337667cf9ca5d882a969b1c1e"}
,"D:\\Hacktiv8\\Phase-2Repeat\\IP-RMT48\\server\\controllers\\MainController.js": {"path":"D:\\Hacktiv8\\Phase-2Repeat\\IP-RMT48\\server\\controllers\\MainController.js","statementMap":{"0":{"start":{"line":1,"column":18},"end":{"line":1,"column":38}},"1":{"start":{"line":2,"column":34},"end":{"line":2,"column":54}},"2":{"start":{"line":7,"column":8},"end":{"line":13,"column":9}},"3":{"start":{"line":8,"column":26},"end":{"line":8,"column":46}},"4":{"start":{"line":10,"column":12},"end":{"line":10,"column":40}},"5":{"start":{"line":12,"column":12},"end":{"line":12,"column":22}},"6":{"start":{"line":17,"column":8},"end":{"line":25,"column":9}},"7":{"start":{"line":18,"column":27},"end":{"line":18,"column":37}},"8":{"start":{"line":19,"column":25},"end":{"line":19,"column":48}},"9":{"start":{"line":20,"column":12},"end":{"line":20,"column":53}},"10":{"start":{"line":20,"column":23},"end":{"line":20,"column":53}},"11":{"start":{"line":22,"column":12},"end":{"line":22,"column":39}},"12":{"start":{"line":24,"column":12},"end":{"line":24,"column":22}},"13":{"start":{"line":30,"column":8},"end":{"line":45,"column":9}},"14":{"start":{"line":31,"column":31},"end":{"line":40,"column":14}},"15":{"start":{"line":42,"column":12},"end":{"line":42,"column":45}},"16":{"start":{"line":44,"column":12},"end":{"line":44,"column":22}},"17":{"start":{"line":49,"column":8},"end":{"line":76,"column":9}},"18":{"start":{"line":50,"column":29},"end":{"line":50,"column":39}},"19":{"start":{"line":51,"column":23},"end":{"line":51,"column":50}},"20":{"start":{"line":52,"column":12},"end":{"line":52,"column":53}},"21":{"start":{"line":52,"column":23},"end":{"line":52,"column":53}},"22":{"start":{"line":54,"column":32},"end":{"line":58,"column":14}},"23":{"start":{"line":60,"column":12},"end":{"line":62,"column":13}},"24":{"start":{"line":61,"column":16},"end":{"line":61,"column":50}},"25":{"start":{"line":64,"column":30},"end":{"line":64,"column":34}},"26":{"start":{"line":65,"column":27},"end":{"line":65,"column":28}},"27":{"start":{"line":66,"column":28},"end":{"line":71,"column":14}},"28":{"start":{"line":73,"column":12},"end":{"line":73,"column":44}},"29":{"start":{"line":75,"column":12},"end":{"line":75,"column":22}},"30":{"start":{"line":80,"column":8},"end":{"line":99,"column":9}},"31":{"start":{"line":81,"column":27},"end":{"line":81,"column":37}},"32":{"start":{"line":82,"column":33},"end":{"line":82,"column":41}},"33":{"start":{"line":83,"column":28},"end":{"line":87,"column":14}},"34":{"start":{"line":88,"column":12},"end":{"line":88,"column":63}},"35":{"start":{"line":88,"column":28},"end":{"line":88,"column":63}},"36":{"start":{"line":90,"column":23},"end":{"line":90,"column":60}},"37":{"start":{"line":91,"column":12},"end":{"line":94,"column":14}},"38":{"start":{"line":96,"column":12},"end":{"line":96,"column":90}},"39":{"start":{"line":98,"column":12},"end":{"line":98,"column":22}},"40":{"start":{"line":103,"column":8},"end":{"line":116,"column":9}},"41":{"start":{"line":104,"column":27},"end":{"line":104,"column":37}},"42":{"start":{"line":105,"column":28},"end":{"line":109,"column":14}},"43":{"start":{"line":110,"column":12},"end":{"line":110,"column":63}},"44":{"start":{"line":110,"column":28},"end":{"line":110,"column":63}},"45":{"start":{"line":112,"column":12},"end":{"line":112,"column":38}},"46":{"start":{"line":113,"column":12},"end":{"line":113,"column":90}},"47":{"start":{"line":115,"column":12},"end":{"line":115,"column":22}},"48":{"start":{"line":120,"column":0},"end":{"line":120,"column":32}}},"fnMap":{"0":{"name":"(anonymous_0)","decl":{"start":{"line":6,"column":4},"end":{"line":6,"column":5}},"loc":{"start":{"line":6,"column":44},"end":{"line":14,"column":5}},"line":6},"1":{"name":"(anonymous_1)","decl":{"start":{"line":16,"column":4},"end":{"line":16,"column":5}},"loc":{"start":{"line":16,"column":47},"end":{"line":26,"column":5}},"line":16},"2":{"name":"(anonymous_2)","decl":{"start":{"line":29,"column":4},"end":{"line":29,"column":5}},"loc":{"start":{"line":29,"column":49},"end":{"line":46,"column":5}},"line":29},"3":{"name":"(anonymous_3)","decl":{"start":{"line":48,"column":4},"end":{"line":48,"column":5}},"loc":{"start":{"line":48,"column":46},"end":{"line":77,"column":5}},"line":48},"4":{"name":"(anonymous_4)","decl":{"start":{"line":79,"column":4},"end":{"line":79,"column":5}},"loc":{"start":{"line":79,"column":49},"end":{"line":100,"column":5}},"line":79},"5":{"name":"(anonymous_5)","decl":{"start":{"line":102,"column":4},"end":{"line":102,"column":5}},"loc":{"start":{"line":102,"column":49},"end":{"line":117,"column":5}},"line":102}},"branchMap":{"0":{"loc":{"start":{"line":20,"column":12},"end":{"line":20,"column":53}},"type":"if","locations":[{"start":{"line":20,"column":12},"end":{"line":20,"column":53}},{"start":{},"end":{}}],"line":20},"1":{"loc":{"start":{"line":52,"column":12},"end":{"line":52,"column":53}},"type":"if","locations":[{"start":{"line":52,"column":12},"end":{"line":52,"column":53}},{"start":{},"end":{}}],"line":52},"2":{"loc":{"start":{"line":60,"column":12},"end":{"line":62,"column":13}},"type":"if","locations":[{"start":{"line":60,"column":12},"end":{"line":62,"column":13}},{"start":{},"end":{}}],"line":60},"3":{"loc":{"start":{"line":88,"column":12},"end":{"line":88,"column":63}},"type":"if","locations":[{"start":{"line":88,"column":12},"end":{"line":88,"column":63}},{"start":{},"end":{}}],"line":88},"4":{"loc":{"start":{"line":110,"column":12},"end":{"line":110,"column":63}},"type":"if","locations":[{"start":{"line":110,"column":12},"end":{"line":110,"column":63}},{"start":{},"end":{}}],"line":110}},"s":{"0":1,"1":1,"2":1,"3":1,"4":1,"5":0,"6":2,"7":2,"8":2,"9":2,"10":1,"11":1,"12":1,"13":1,"14":1,"15":1,"16":0,"17":2,"18":2,"19":2,"20":2,"21":1,"22":1,"23":1,"24":0,"25":1,"26":1,"27":1,"28":1,"29":1,"30":1,"31":1,"32":1,"33":1,"34":1,"35":0,"36":1,"37":1,"38":1,"39":0,"40":1,"41":1,"42":1,"43":1,"44":0,"45":1,"46":1,"47":0,"48":1},"f":{"0":1,"1":2,"2":1,"3":2,"4":1,"5":1},"b":{"0":[1,1],"1":[1,1],"2":[0,1],"3":[0,1],"4":[0,1]},"_coverageSchema":"1a1c01bbd47fc00a2c39e90264f33305004495a9","hash":"eaf85bca80ad96d43cef5662cf95a72a5b6a45ce"}
,"D:\\Hacktiv8\\Phase-2Repeat\\IP-RMT48\\server\\controllers\\UserController.js": {"path":"D:\\Hacktiv8\\Phase-2Repeat\\IP-RMT48\\server\\controllers\\UserController.js","statementMap":{"0":{"start":{"line":1,"column":17},"end":{"line":1,"column":38}},"1":{"start":{"line":2,"column":28},"end":{"line":2,"column":55}},"2":{"start":{"line":3,"column":24},"end":{"line":3,"column":48}},"3":{"start":{"line":4,"column":19},"end":{"line":4,"column":43}},"4":{"start":{"line":5,"column":0},"end":{"line":5,"column":27}},"5":{"start":{"line":7,"column":0},"end":{"line":11,"column":5}},"6":{"start":{"line":15,"column":8},"end":{"line":29,"column":9}},"7":{"start":{"line":16,"column":63},"end":{"line":16,"column":71}},"8":{"start":{"line":17,"column":12},"end":{"line":17,"column":61}},"9":{"start":{"line":17,"column":27},"end":{"line":17,"column":61}},"10":{"start":{"line":18,"column":12},"end":{"line":18,"column":69}},"11":{"start":{"line":18,"column":37},"end":{"line":18,"column":69}},"12":{"start":{"line":20,"column":25},"end":{"line":20,"column":84}},"13":{"start":{"line":22,"column":12},"end":{"line":26,"column":15}},"14":{"start":{"line":28,"column":12},"end":{"line":28,"column":22}},"15":{"start":{"line":33,"column":8},"end":{"line":58,"column":9}},"16":{"start":{"line":34,"column":50},"end":{"line":34,"column":58}},"17":{"start":{"line":35,"column":12},"end":{"line":35,"column":81}},"18":{"start":{"line":35,"column":50},"end":{"line":35,"column":81}},"19":{"start":{"line":38,"column":12},"end":{"line":42,"column":13}},"20":{"start":{"line":39,"column":16},"end":{"line":39,"column":60}},"21":{"start":{"line":40,"column":19},"end":{"line":42,"column":13}},"22":{"start":{"line":41,"column":16},"end":{"line":41,"column":63}},"23":{"start":{"line":44,"column":12},"end":{"line":44,"column":55}},"24":{"start":{"line":44,"column":23},"end":{"line":44,"column":55}},"25":{"start":{"line":46,"column":35},"end":{"line":46,"column":75}},"26":{"start":{"line":47,"column":12},"end":{"line":47,"column":67}},"27":{"start":{"line":47,"column":35},"end":{"line":47,"column":67}},"28":{"start":{"line":49,"column":24},"end":{"line":51,"column":14}},"29":{"start":{"line":53,"column":12},"end":{"line":55,"column":15}},"30":{"start":{"line":57,"column":12},"end":{"line":57,"column":22}},"31":{"start":{"line":62,"column":8},"end":{"line":85,"column":9}},"32":{"start":{"line":63,"column":27},"end":{"line":63,"column":35}},"33":{"start":{"line":64,"column":23},"end":{"line":64,"column":46}},"34":{"start":{"line":65,"column":12},"end":{"line":65,"column":52}},"35":{"start":{"line":65,"column":22},"end":{"line":65,"column":52}},"36":{"start":{"line":66,"column":12},"end":{"line":66,"column":60}},"37":{"start":{"line":66,"column":27},"end":{"line":66,"column":60}},"38":{"start":{"line":68,"column":27},"end":{"line":68,"column":61}},"39":{"start":{"line":69,"column":27},"end":{"line":69,"column":71}},"40":{"start":{"line":71,"column":25},"end":{"line":75,"column":13}},"41":{"start":{"line":74,"column":42},"end":{"line":74,"column":69}},"42":{"start":{"line":77,"column":29},"end":{"line":77,"column":84}},"43":{"start":{"line":79,"column":12},"end":{"line":82,"column":15}},"44":{"start":{"line":84,"column":12},"end":{"line":84,"column":22}},"45":{"start":{"line":89,"column":0},"end":{"line":89,"column":32}}},"fnMap":{"0":{"name":"(anonymous_0)","decl":{"start":{"line":14,"column":4},"end":{"line":14,"column":5}},"loc":{"start":{"line":14,"column":42},"end":{"line":30,"column":5}},"line":14},"1":{"name":"(anonymous_1)","decl":{"start":{"line":32,"column":4},"end":{"line":32,"column":5}},"loc":{"start":{"line":32,"column":39},"end":{"line":59,"column":5}},"line":32},"2":{"name":"(anonymous_2)","decl":{"start":{"line":61,"column":4},"end":{"line":61,"column":5}},"loc":{"start":{"line":61,"column":58},"end":{"line":86,"column":5}},"line":61},"3":{"name":"(anonymous_3)","decl":{"start":{"line":74,"column":16},"end":{"line":74,"column":17}},"loc":{"start":{"line":74,"column":40},"end":{"line":74,"column":71}},"line":74}},"branchMap":{"0":{"loc":{"start":{"line":17,"column":12},"end":{"line":17,"column":61}},"type":"if","locations":[{"start":{"line":17,"column":12},"end":{"line":17,"column":61}},{"start":{},"end":{}}],"line":17},"1":{"loc":{"start":{"line":18,"column":12},"end":{"line":18,"column":69}},"type":"if","locations":[{"start":{"line":18,"column":12},"end":{"line":18,"column":69}},{"start":{},"end":{}}],"line":18},"2":{"loc":{"start":{"line":35,"column":12},"end":{"line":35,"column":81}},"type":"if","locations":[{"start":{"line":35,"column":12},"end":{"line":35,"column":81}},{"start":{},"end":{}}],"line":35},"3":{"loc":{"start":{"line":35,"column":16},"end":{"line":35,"column":48}},"type":"binary-expr","locations":[{"start":{"line":35,"column":16},"end":{"line":35,"column":22}},{"start":{"line":35,"column":26},"end":{"line":35,"column":35}},{"start":{"line":35,"column":39},"end":{"line":35,"column":48}}],"line":35},"4":{"loc":{"start":{"line":38,"column":12},"end":{"line":42,"column":13}},"type":"if","locations":[{"start":{"line":38,"column":12},"end":{"line":42,"column":13}},{"start":{"line":40,"column":19},"end":{"line":42,"column":13}}],"line":38},"5":{"loc":{"start":{"line":40,"column":19},"end":{"line":42,"column":13}},"type":"if","locations":[{"start":{"line":40,"column":19},"end":{"line":42,"column":13}},{"start":{},"end":{}}],"line":40},"6":{"loc":{"start":{"line":44,"column":12},"end":{"line":44,"column":55}},"type":"if","locations":[{"start":{"line":44,"column":12},"end":{"line":44,"column":55}},{"start":{},"end":{}}],"line":44},"7":{"loc":{"start":{"line":47,"column":12},"end":{"line":47,"column":67}},"type":"if","locations":[{"start":{"line":47,"column":12},"end":{"line":47,"column":67}},{"start":{},"end":{}}],"line":47},"8":{"loc":{"start":{"line":65,"column":12},"end":{"line":65,"column":52}},"type":"if","locations":[{"start":{"line":65,"column":12},"end":{"line":65,"column":52}},{"start":{},"end":{}}],"line":65},"9":{"loc":{"start":{"line":66,"column":12},"end":{"line":66,"column":60}},"type":"if","locations":[{"start":{"line":66,"column":12},"end":{"line":66,"column":60}},{"start":{},"end":{}}],"line":66}},"s":{"0":1,"1":1,"2":1,"3":1,"4":1,"5":1,"6":7,"7":7,"8":7,"9":1,"10":6,"11":1,"12":5,"13":1,"14":6,"15":4,"16":4,"17":4,"18":1,"19":3,"20":3,"21":0,"22":0,"23":3,"24":1,"25":2,"26":2,"27":1,"28":1,"29":1,"30":3,"31":0,"32":0,"33":0,"34":0,"35":0,"36":0,"37":0,"38":0,"39":0,"40":0,"41":0,"42":0,"43":0,"44":0,"45":1},"f":{"0":7,"1":4,"2":0,"3":0},"b":{"0":[1,6],"1":[1,5],"2":[1,3],"3":[4,3,0],"4":[3,0],"5":[0,0],"6":[1,2],"7":[1,1],"8":[0,0],"9":[0,0]},"_coverageSchema":"1a1c01bbd47fc00a2c39e90264f33305004495a9","hash":"58613f09b69895a7e30394b0b00fe9159bd2a056"}
,"D:\\Hacktiv8\\Phase-2Repeat\\IP-RMT48\\server\\helper\\bcrypt.js": {"path":"D:\\Hacktiv8\\Phase-2Repeat\\IP-RMT48\\server\\helper\\bcrypt.js","statementMap":{"0":{"start":{"line":1,"column":34},"end":{"line":1,"column":53}},"1":{"start":{"line":3,"column":0},"end":{"line":6,"column":1}},"2":{"start":{"line":4,"column":33},"end":{"line":4,"column":51}},"3":{"start":{"line":5,"column":53},"end":{"line":5,"column":91}}},"fnMap":{"0":{"name":"(anonymous_0)","decl":{"start":{"line":4,"column":19},"end":{"line":4,"column":20}},"loc":{"start":{"line":4,"column":33},"end":{"line":4,"column":51}},"line":4},"1":{"name":"(anonymous_1)","decl":{"start":{"line":5,"column":22},"end":{"line":5,"column":23}},"loc":{"start":{"line":5,"column":53},"end":{"line":5,"column":91}},"line":5}},"branchMap":{},"s":{"0":1,"1":1,"2":5,"3":2},"f":{"0":5,"1":2},"b":{},"_coverageSchema":"1a1c01bbd47fc00a2c39e90264f33305004495a9","hash":"f1e8d0e11216b8a867bd8620e2e2f23f2cd74eb6"}
,"D:\\Hacktiv8\\Phase-2Repeat\\IP-RMT48\\server\\helper\\jwt.js": {"path":"D:\\Hacktiv8\\Phase-2Repeat\\IP-RMT48\\server\\helper\\jwt.js","statementMap":{"0":{"start":{"line":1,"column":0},"end":{"line":1,"column":27}},"1":{"start":{"line":2,"column":12},"end":{"line":2,"column":35}},"2":{"start":{"line":3,"column":15},"end":{"line":3,"column":37}},"3":{"start":{"line":5,"column":20},"end":{"line":9,"column":1}},"4":{"start":{"line":6,"column":16},"end":{"line":6,"column":41}},"5":{"start":{"line":8,"column":4},"end":{"line":8,"column":17}},"6":{"start":{"line":11,"column":20},"end":{"line":15,"column":1}},"7":{"start":{"line":12,"column":18},"end":{"line":12,"column":43}},"8":{"start":{"line":14,"column":4},"end":{"line":14,"column":19}},"9":{"start":{"line":17,"column":0},"end":{"line":17,"column":45}}},"fnMap":{"0":{"name":"(anonymous_0)","decl":{"start":{"line":5,"column":20},"end":{"line":5,"column":21}},"loc":{"start":{"line":5,"column":33},"end":{"line":9,"column":1}},"line":5},"1":{"name":"(anonymous_1)","decl":{"start":{"line":11,"column":20},"end":{"line":11,"column":21}},"loc":{"start":{"line":11,"column":31},"end":{"line":15,"column":1}},"line":11}},"branchMap":{},"s":{"0":1,"1":1,"2":1,"3":1,"4":3,"5":3,"6":1,"7":7,"8":7,"9":1},"f":{"0":3,"1":7},"b":{},"_coverageSchema":"1a1c01bbd47fc00a2c39e90264f33305004495a9","hash":"a40de17d15c3b9cc333f87b18c5b5581bd825543"}
,"D:\\Hacktiv8\\Phase-2Repeat\\IP-RMT48\\server\\middleware\\authentication.js": {"path":"D:\\Hacktiv8\\Phase-2Repeat\\IP-RMT48\\server\\middleware\\authentication.js","statementMap":{"0":{"start":{"line":1,"column":24},"end":{"line":1,"column":48}},"1":{"start":{"line":2,"column":17},"end":{"line":2,"column":37}},"2":{"start":{"line":4,"column":23},"end":{"line":26,"column":1}},"3":{"start":{"line":5,"column":4},"end":{"line":25,"column":5}},"4":{"start":{"line":6,"column":27},"end":{"line":6,"column":52}},"5":{"start":{"line":7,"column":8},"end":{"line":7,"column":55}},"6":{"start":{"line":7,"column":27},"end":{"line":7,"column":55}},"7":{"start":{"line":9,"column":25},"end":{"line":9,"column":48}},"8":{"start":{"line":10,"column":30},"end":{"line":10,"column":40}},"9":{"start":{"line":11,"column":8},"end":{"line":11,"column":61}},"10":{"start":{"line":11,"column":33},"end":{"line":11,"column":61}},"11":{"start":{"line":13,"column":22},"end":{"line":13,"column":40}},"12":{"start":{"line":14,"column":19},"end":{"line":14,"column":50}},"13":{"start":{"line":15,"column":8},"end":{"line":15,"column":47}},"14":{"start":{"line":15,"column":19},"end":{"line":15,"column":47}},"15":{"start":{"line":17,"column":8},"end":{"line":20,"column":9}},"16":{"start":{"line":22,"column":8},"end":{"line":22,"column":15}},"17":{"start":{"line":24,"column":8},"end":{"line":24,"column":18}},"18":{"start":{"line":28,"column":0},"end":{"line":28,"column":32}}},"fnMap":{"0":{"name":"(anonymous_0)","decl":{"start":{"line":4,"column":23},"end":{"line":4,"column":24}},"loc":{"start":{"line":4,"column":49},"end":{"line":26,"column":1}},"line":4}},"branchMap":{"0":{"loc":{"start":{"line":7,"column":8},"end":{"line":7,"column":55}},"type":"if","locations":[{"start":{"line":7,"column":8},"end":{"line":7,"column":55}},{"start":{},"end":{}}],"line":7},"1":{"loc":{"start":{"line":11,"column":8},"end":{"line":11,"column":61}},"type":"if","locations":[{"start":{"line":11,"column":8},"end":{"line":11,"column":61}},{"start":{},"end":{}}],"line":11},"2":{"loc":{"start":{"line":15,"column":8},"end":{"line":15,"column":47}},"type":"if","locations":[{"start":{"line":15,"column":8},"end":{"line":15,"column":47}},{"start":{},"end":{}}],"line":15}},"s":{"0":1,"1":1,"2":1,"3":13,"4":13,"5":13,"6":3,"7":10,"8":10,"9":10,"10":3,"11":7,"12":7,"13":7,"14":0,"15":7,"16":7,"17":6,"18":1},"f":{"0":13},"b":{"0":[3,10],"1":[3,7],"2":[0,7]},"_coverageSchema":"1a1c01bbd47fc00a2c39e90264f33305004495a9","hash":"45b372e7c14ae18877803a21e842dd2641456d7c"}
,"D:\\Hacktiv8\\Phase-2Repeat\\IP-RMT48\\server\\middleware\\authorization.js": {"path":"D:\\Hacktiv8\\Phase-2Repeat\\IP-RMT48\\server\\middleware\\authorization.js","statementMap":{"0":{"start":{"line":1,"column":22},"end":{"line":1,"column":42}},"1":{"start":{"line":3,"column":22},"end":{"line":21,"column":1}},"2":{"start":{"line":4,"column":4},"end":{"line":20,"column":5}},"3":{"start":{"line":5,"column":21},"end":{"line":5,"column":31}},"4":{"start":{"line":6,"column":24},"end":{"line":10,"column":10}},"5":{"start":{"line":11,"column":8},"end":{"line":11,"column":60}},"6":{"start":{"line":11,"column":23},"end":{"line":11,"column":60}},"7":{"start":{"line":13,"column":8},"end":{"line":17,"column":9}},"8":{"start":{"line":14,"column":12},"end":{"line":14,"column":19}},"9":{"start":{"line":15,"column":15},"end":{"line":17,"column":9}},"10":{"start":{"line":16,"column":12},"end":{"line":16,"column":44}},"11":{"start":{"line":19,"column":8},"end":{"line":19,"column":18}},"12":{"start":{"line":23,"column":0},"end":{"line":23,"column":31}}},"fnMap":{"0":{"name":"(anonymous_0)","decl":{"start":{"line":3,"column":22},"end":{"line":3,"column":23}},"loc":{"start":{"line":3,"column":48},"end":{"line":21,"column":1}},"line":3}},"branchMap":{"0":{"loc":{"start":{"line":11,"column":8},"end":{"line":11,"column":60}},"type":"if","locations":[{"start":{"line":11,"column":8},"end":{"line":11,"column":60}},{"start":{},"end":{}}],"line":11},"1":{"loc":{"start":{"line":13,"column":8},"end":{"line":17,"column":9}},"type":"if","locations":[{"start":{"line":13,"column":8},"end":{"line":17,"column":9}},{"start":{"line":15,"column":15},"end":{"line":17,"column":9}}],"line":13},"2":{"loc":{"start":{"line":15,"column":15},"end":{"line":17,"column":9}},"type":"if","locations":[{"start":{"line":15,"column":15},"end":{"line":17,"column":9}},{"start":{},"end":{}}],"line":15}},"s":{"0":1,"1":1,"2":4,"3":4,"4":4,"5":4,"6":2,"7":2,"8":2,"9":0,"10":0,"11":2,"12":1},"f":{"0":4},"b":{"0":[2,2],"1":[2,0],"2":[0,0]},"_coverageSchema":"1a1c01bbd47fc00a2c39e90264f33305004495a9","hash":"873e151ed2c97e28c65554357e38e4a001cd8b76"}
,"D:\\Hacktiv8\\Phase-2Repeat\\IP-RMT48\\server\\middleware\\errorHandlers.js": {"path":"D:\\Hacktiv8\\Phase-2Repeat\\IP-RMT48\\server\\middleware\\errorHandlers.js","statementMap":{"0":{"start":{"line":3,"column":4},"end":{"line":32,"column":5}},"1":{"start":{"line":4,"column":8},"end":{"line":4,"column":63}},"2":{"start":{"line":5,"column":11},"end":{"line":32,"column":5}},"3":{"start":{"line":6,"column":8},"end":{"line":6,"column":63}},"4":{"start":{"line":7,"column":11},"end":{"line":32,"column":5}},"5":{"start":{"line":8,"column":8},"end":{"line":8,"column":83}},"6":{"start":{"line":9,"column":11},"end":{"line":32,"column":5}},"7":{"start":{"line":10,"column":8},"end":{"line":10,"column":64}},"8":{"start":{"line":11,"column":11},"end":{"line":32,"column":5}},"9":{"start":{"line":12,"column":8},"end":{"line":12,"column":82}},"10":{"start":{"line":13,"column":11},"end":{"line":32,"column":5}},"11":{"start":{"line":14,"column":8},"end":{"line":14,"column":82}},"12":{"start":{"line":15,"column":11},"end":{"line":32,"column":5}},"13":{"start":{"line":16,"column":8},"end":{"line":16,"column":83}},"14":{"start":{"line":17,"column":11},"end":{"line":32,"column":5}},"15":{"start":{"line":18,"column":8},"end":{"line":18,"column":72}},"16":{"start":{"line":19,"column":11},"end":{"line":32,"column":5}},"17":{"start":{"line":20,"column":8},"end":{"line":20,"column":64}},"18":{"start":{"line":21,"column":11},"end":{"line":32,"column":5}},"19":{"start":{"line":22,"column":8},"end":{"line":22,"column":61}},"20":{"start":{"line":23,"column":11},"end":{"line":32,"column":5}},"21":{"start":{"line":24,"column":8},"end":{"line":24,"column":81}},"22":{"start":{"line":25,"column":11},"end":{"line":32,"column":5}},"23":{"start":{"line":26,"column":8},"end":{"line":26,"column":81}},"24":{"start":{"line":27,"column":11},"end":{"line":32,"column":5}},"25":{"start":{"line":28,"column":8},"end":{"line":28,"column":86}},"26":{"start":{"line":30,"column":8},"end":{"line":30,"column":65}},"27":{"start":{"line":31,"column":8},"end":{"line":31,"column":25}},"28":{"start":{"line":35,"column":0},"end":{"line":35,"column":30}}},"fnMap":{"0":{"name":"errorHandler","decl":{"start":{"line":1,"column":9},"end":{"line":1,"column":21}},"loc":{"start":{"line":1,"column":44},"end":{"line":33,"column":1}},"line":1}},"branchMap":{"0":{"loc":{"start":{"line":3,"column":4},"end":{"line":32,"column":5}},"type":"if","locations":[{"start":{"line":3,"column":4},"end":{"line":32,"column":5}},{"start":{"line":5,"column":11},"end":{"line":32,"column":5}}],"line":3},"1":{"loc":{"start":{"line":5,"column":11},"end":{"line":32,"column":5}},"type":"if","locations":[{"start":{"line":5,"column":11},"end":{"line":32,"column":5}},{"start":{"line":7,"column":11},"end":{"line":32,"column":5}}],"line":5},"2":{"loc":{"start":{"line":7,"column":11},"end":{"line":32,"column":5}},"type":"if","locations":[{"start":{"line":7,"column":11},"end":{"line":32,"column":5}},{"start":{"line":9,"column":11},"end":{"line":32,"column":5}}],"line":7},"3":{"loc":{"start":{"line":9,"column":11},"end":{"line":32,"column":5}},"type":"if","locations":[{"start":{"line":9,"column":11},"end":{"line":32,"column":5}},{"start":{"line":11,"column":11},"end":{"line":32,"column":5}}],"line":9},"4":{"loc":{"start":{"line":11,"column":11},"end":{"line":32,"column":5}},"type":"if","locations":[{"start":{"line":11,"column":11},"end":{"line":32,"column":5}},{"start":{"line":13,"column":11},"end":{"line":32,"column":5}}],"line":11},"5":{"loc":{"start":{"line":13,"column":11},"end":{"line":32,"column":5}},"type":"if","locations":[{"start":{"line":13,"column":11},"end":{"line":32,"column":5}},{"start":{"line":15,"column":11},"end":{"line":32,"column":5}}],"line":13},"6":{"loc":{"start":{"line":15,"column":11},"end":{"line":32,"column":5}},"type":"if","locations":[{"start":{"line":15,"column":11},"end":{"line":32,"column":5}},{"start":{"line":17,"column":11},"end":{"line":32,"column":5}}],"line":15},"7":{"loc":{"start":{"line":17,"column":11},"end":{"line":32,"column":5}},"type":"if","locations":[{"start":{"line":17,"column":11},"end":{"line":32,"column":5}},{"start":{"line":19,"column":11},"end":{"line":32,"column":5}}],"line":17},"8":{"loc":{"start":{"line":19,"column":11},"end":{"line":32,"column":5}},"type":"if","locations":[{"start":{"line":19,"column":11},"end":{"line":32,"column":5}},{"start":{"line":21,"column":11},"end":{"line":32,"column":5}}],"line":19},"9":{"loc":{"start":{"line":21,"column":11},"end":{"line":32,"column":5}},"type":"if","locations":[{"start":{"line":21,"column":11},"end":{"line":32,"column":5}},{"start":{"line":23,"column":11},"end":{"line":32,"column":5}}],"line":21},"10":{"loc":{"start":{"line":23,"column":11},"end":{"line":32,"column":5}},"type":"if","locations":[{"start":{"line":23,"column":11},"end":{"line":32,"column":5}},{"start":{"line":25,"column":11},"end":{"line":32,"column":5}}],"line":23},"11":{"loc":{"start":{"line":25,"column":11},"end":{"line":32,"column":5}},"type":"if","locations":[{"start":{"line":25,"column":11},"end":{"line":32,"column":5}},{"start":{"line":27,"column":11},"end":{"line":32,"column":5}}],"line":25},"12":{"loc":{"start":{"line":27,"column":11},"end":{"line":32,"column":5}},"type":"if","locations":[{"start":{"line":27,"column":11},"end":{"line":32,"column":5}},{"start":{"line":29,"column":11},"end":{"line":32,"column":5}}],"line":27}},"s":{"0":19,"1":3,"2":16,"3":1,"4":15,"5":1,"6":14,"7":1,"8":13,"9":1,"10":12,"11":2,"12":10,"13":0,"14":10,"15":0,"16":10,"17":6,"18":4,"19":0,"20":4,"21":0,"22":4,"23":2,"24":2,"25":2,"26":0,"27":0,"28":1},"f":{"0":19},"b":{"0":[3,16],"1":[1,15],"2":[1,14],"3":[1,13],"4":[1,12],"5":[2,10],"6":[0,10],"7":[0,10],"8":[6,4],"9":[0,4],"10":[0,4],"11":[2,2],"12":[2,0]},"_coverageSchema":"1a1c01bbd47fc00a2c39e90264f33305004495a9","hash":"9a7c99f5296d6bf79c3e132a7f3c74430c6be868"}
,"D:\\Hacktiv8\\Phase-2Repeat\\IP-RMT48\\server\\models\\book.js": {"path":"D:\\Hacktiv8\\Phase-2Repeat\\IP-RMT48\\server\\models\\book.js","statementMap":{"0":{"start":{"line":4,"column":4},"end":{"line":4,"column":24}},"1":{"start":{"line":5,"column":0},"end":{"line":37,"column":2}},"2":{"start":{"line":14,"column":6},"end":{"line":18,"column":8}},"3":{"start":{"line":21,"column":2},"end":{"line":35,"column":5}},"4":{"start":{"line":36,"column":2},"end":{"line":36,"column":14}}},"fnMap":{"0":{"name":"(anonymous_0)","decl":{"start":{"line":5,"column":17},"end":{"line":5,"column":18}},"loc":{"start":{"line":5,"column":43},"end":{"line":37,"column":1}},"line":5},"1":{"name":"(anonymous_1)","decl":{"start":{"line":12,"column":4},"end":{"line":12,"column":5}},"loc":{"start":{"line":12,"column":29},"end":{"line":19,"column":5}},"line":12}},"branchMap":{},"s":{"0":1,"1":1,"2":1,"3":1,"4":1},"f":{"0":1,"1":1},"b":{},"_coverageSchema":"1a1c01bbd47fc00a2c39e90264f33305004495a9","hash":"f9b045fd1c30b8bfe9f0adddda6ae2addcfec745"}
,"D:\\Hacktiv8\\Phase-2Repeat\\IP-RMT48\\server\\models\\character.js": {"path":"D:\\Hacktiv8\\Phase-2Repeat\\IP-RMT48\\server\\models\\character.js","statementMap":{"0":{"start":{"line":4,"column":4},"end":{"line":4,"column":24}},"1":{"start":{"line":5,"column":0},"end":{"line":32,"column":2}},"2":{"start":{"line":16,"column":2},"end":{"line":30,"column":5}},"3":{"start":{"line":31,"column":2},"end":{"line":31,"column":19}}},"fnMap":{"0":{"name":"(anonymous_0)","decl":{"start":{"line":5,"column":17},"end":{"line":5,"column":18}},"loc":{"start":{"line":5,"column":43},"end":{"line":32,"column":1}},"line":5},"1":{"name":"(anonymous_1)","decl":{"start":{"line":12,"column":4},"end":{"line":12,"column":5}},"loc":{"start":{"line":12,"column":29},"end":{"line":14,"column":5}},"line":12}},"branchMap":{},"s":{"0":1,"1":1,"2":1,"3":1},"f":{"0":1,"1":1},"b":{},"_coverageSchema":"1a1c01bbd47fc00a2c39e90264f33305004495a9","hash":"aa8a40331bcd4e8a390f3861091a9645c0281b90"}
,"D:\\Hacktiv8\\Phase-2Repeat\\IP-RMT48\\server\\models\\favourite.js": {"path":"D:\\Hacktiv8\\Phase-2Repeat\\IP-RMT48\\server\\models\\favourite.js","statementMap":{"0":{"start":{"line":4,"column":4},"end":{"line":4,"column":24}},"1":{"start":{"line":5,"column":0},"end":{"line":51,"column":2}},"2":{"start":{"line":14,"column":6},"end":{"line":16,"column":9}},"3":{"start":{"line":17,"column":6},"end":{"line":19,"column":9}},"4":{"start":{"line":22,"column":2},"end":{"line":49,"column":5}},"5":{"start":{"line":50,"column":2},"end":{"line":50,"column":19}}},"fnMap":{"0":{"name":"(anonymous_0)","decl":{"start":{"line":5,"column":17},"end":{"line":5,"column":18}},"loc":{"start":{"line":5,"column":43},"end":{"line":51,"column":1}},"line":5},"1":{"name":"(anonymous_1)","decl":{"start":{"line":12,"column":4},"end":{"line":12,"column":5}},"loc":{"start":{"line":12,"column":29},"end":{"line":20,"column":5}},"line":12}},"branchMap":{},"s":{"0":1,"1":1,"2":1,"3":1,"4":1,"5":1},"f":{"0":1,"1":1},"b":{},"_coverageSchema":"1a1c01bbd47fc00a2c39e90264f33305004495a9","hash":"033262bf67e8128a3c25088205df61707316079f"}
,"D:\\Hacktiv8\\Phase-2Repeat\\IP-RMT48\\server\\models\\index.js": {"path":"D:\\Hacktiv8\\Phase-2Repeat\\IP-RMT48\\server\\models\\index.js","statementMap":{"0":{"start":{"line":3,"column":11},"end":{"line":3,"column":24}},"1":{"start":{"line":4,"column":13},"end":{"line":4,"column":28}},"2":{"start":{"line":5,"column":18},"end":{"line":5,"column":38}},"3":{"start":{"line":6,"column":16},"end":{"line":6,"column":34}},"4":{"start":{"line":7,"column":17},"end":{"line":7,"column":42}},"5":{"start":{"line":8,"column":12},"end":{"line":8,"column":49}},"6":{"start":{"line":9,"column":15},"end":{"line":9,"column":65}},"7":{"start":{"line":10,"column":11},"end":{"line":10,"column":13}},"8":{"start":{"line":13,"column":0},"end":{"line":17,"column":1}},"9":{"start":{"line":14,"column":2},"end":{"line":14,"column":74}},"10":{"start":{"line":16,"column":2},"end":{"line":16,"column":87}},"11":{"start":{"line":19,"column":0},"end":{"line":32,"column":5}},"12":{"start":{"line":22,"column":4},"end":{"line":27,"column":6}},"13":{"start":{"line":30,"column":18},"end":{"line":30,"column":85}},"14":{"start":{"line":31,"column":4},"end":{"line":31,"column":27}},"15":{"start":{"line":34,"column":0},"end":{"line":38,"column":3}},"16":{"start":{"line":35,"column":2},"end":{"line":37,"column":3}},"17":{"start":{"line":36,"column":4},"end":{"line":36,"column":32}},"18":{"start":{"line":40,"column":0},"end":{"line":40,"column":25}},"19":{"start":{"line":41,"column":0},"end":{"line":41,"column":25}},"20":{"start":{"line":43,"column":0},"end":{"line":43,"column":20}}},"fnMap":{"0":{"name":"(anonymous_0)","decl":{"start":{"line":21,"column":10},"end":{"line":21,"column":11}},"loc":{"start":{"line":21,"column":18},"end":{"line":28,"column":3}},"line":21},"1":{"name":"(anonymous_1)","decl":{"start":{"line":29,"column":11},"end":{"line":29,"column":12}},"loc":{"start":{"line":29,"column":19},"end":{"line":32,"column":3}},"line":29},"2":{"name":"(anonymous_2)","decl":{"start":{"line":34,"column":24},"end":{"line":34,"column":25}},"loc":{"start":{"line":34,"column":37},"end":{"line":38,"column":1}},"line":34}},"branchMap":{"0":{"loc":{"start":{"line":8,"column":12},"end":{"line":8,"column":49}},"type":"binary-expr","locations":[{"start":{"line":8,"column":12},"end":{"line":8,"column":32}},{"start":{"line":8,"column":36},"end":{"line":8,"column":49}}],"line":8},"1":{"loc":{"start":{"line":13,"column":0},"end":{"line":17,"column":1}},"type":"if","locations":[{"start":{"line":13,"column":0},"end":{"line":17,"column":1}},{"start":{"line":15,"column":7},"end":{"line":17,"column":1}}],"line":13},"2":{"loc":{"start":{"line":23,"column":6},"end":{"line":26,"column":37}},"type":"binary-expr","locations":[{"start":{"line":23,"column":6},"end":{"line":23,"column":29}},{"start":{"line":24,"column":6},"end":{"line":24,"column":23}},{"start":{"line":25,"column":6},"end":{"line":25,"column":30}},{"start":{"line":26,"column":6},"end":{"line":26,"column":37}}],"line":23},"3":{"loc":{"start":{"line":35,"column":2},"end":{"line":37,"column":3}},"type":"if","locations":[{"start":{"line":35,"column":2},"end":{"line":37,"column":3}},{"start":{},"end":{}}],"line":35}},"s":{"0":1,"1":1,"2":1,"3":1,"4":1,"5":1,"6":1,"7":1,"8":1,"9":0,"10":1,"11":1,"12":6,"13":5,"14":5,"15":1,"16":5,"17":5,"18":1,"19":1,"20":1},"f":{"0":6,"1":5,"2":5},"b":{"0":[1,0],"1":[0,1],"2":[6,6,5,5],"3":[5,0]},"_coverageSchema":"1a1c01bbd47fc00a2c39e90264f33305004495a9","hash":"2ace19493f82ef1a669ccf055e27f87735cb7bf6"}
,"D:\\Hacktiv8\\Phase-2Repeat\\IP-RMT48\\server\\models\\quote.js": {"path":"D:\\Hacktiv8\\Phase-2Repeat\\IP-RMT48\\server\\models\\quote.js","statementMap":{"0":{"start":{"line":4,"column":4},"end":{"line":4,"column":24}},"1":{"start":{"line":5,"column":0},"end":{"line":24,"column":2}},"2":{"start":{"line":16,"column":2},"end":{"line":22,"column":5}},"3":{"start":{"line":23,"column":2},"end":{"line":23,"column":15}}},"fnMap":{"0":{"name":"(anonymous_0)","decl":{"start":{"line":5,"column":17},"end":{"line":5,"column":18}},"loc":{"start":{"line":5,"column":43},"end":{"line":24,"column":1}},"line":5},"1":{"name":"(anonymous_1)","decl":{"start":{"line":12,"column":4},"end":{"line":12,"column":5}},"loc":{"start":{"line":12,"column":29},"end":{"line":14,"column":5}},"line":12}},"branchMap":{},"s":{"0":1,"1":1,"2":1,"3":1},"f":{"0":1,"1":1},"b":{},"_coverageSchema":"1a1c01bbd47fc00a2c39e90264f33305004495a9","hash":"1d2d42a0d2456facba3967009bf40edea45cf5b6"}
,"D:\\Hacktiv8\\Phase-2Repeat\\IP-RMT48\\server\\models\\user.js": {"path":"D:\\Hacktiv8\\Phase-2Repeat\\IP-RMT48\\server\\models\\user.js","statementMap":{"0":{"start":{"line":4,"column":4},"end":{"line":4,"column":24}},"1":{"start":{"line":5,"column":25},"end":{"line":5,"column":52}},"2":{"start":{"line":6,"column":0},"end":{"line":68,"column":2}},"3":{"start":{"line":15,"column":6},"end":{"line":19,"column":8}},"4":{"start":{"line":22,"column":2},"end":{"line":66,"column":5}},"5":{"start":{"line":63,"column":8},"end":{"line":63,"column":52}},"6":{"start":{"line":67,"column":2},"end":{"line":67,"column":14}}},"fnMap":{"0":{"name":"(anonymous_0)","decl":{"start":{"line":6,"column":17},"end":{"line":6,"column":18}},"loc":{"start":{"line":6,"column":43},"end":{"line":68,"column":1}},"line":6},"1":{"name":"(anonymous_1)","decl":{"start":{"line":13,"column":4},"end":{"line":13,"column":5}},"loc":{"start":{"line":13,"column":29},"end":{"line":20,"column":5}},"line":13},"2":{"name":"(anonymous_2)","decl":{"start":{"line":62,"column":6},"end":{"line":62,"column":7}},"loc":{"start":{"line":62,"column":25},"end":{"line":64,"column":7}},"line":62}},"branchMap":{},"s":{"0":1,"1":1,"2":1,"3":1,"4":1,"5":3,"6":1},"f":{"0":1,"1":1,"2":3},"b":{},"_coverageSchema":"1a1c01bbd47fc00a2c39e90264f33305004495a9","hash":"1ddd9c36dcec7c598365ba7d06d53eb2fe8933f9"}
,"D:\\Hacktiv8\\Phase-2Repeat\\IP-RMT48\\server\\routers\\bookRouters.js": {"path":"D:\\Hacktiv8\\Phase-2Repeat\\IP-RMT48\\server\\routers\\bookRouters.js","statementMap":{"0":{"start":{"line":1,"column":16},"end":{"line":1,"column":34}},"1":{"start":{"line":2,"column":15},"end":{"line":2,"column":31}},"2":{"start":{"line":3,"column":23},"end":{"line":3,"column":63}},"3":{"start":{"line":4,"column":23},"end":{"line":4,"column":62}},"4":{"start":{"line":6,"column":0},"end":{"line":6,"column":43}},"5":{"start":{"line":7,"column":0},"end":{"line":7,"column":48}},"6":{"start":{"line":9,"column":0},"end":{"line":9,"column":24}}},"fnMap":{},"branchMap":{},"s":{"0":1,"1":1,"2":1,"3":1,"4":1,"5":1,"6":1},"f":{},"b":{},"_coverageSchema":"1a1c01bbd47fc00a2c39e90264f33305004495a9","hash":"1a972669d577b5da0575961c0c2ec99c09328ed3"}
,"D:\\Hacktiv8\\Phase-2Repeat\\IP-RMT48\\server\\routers\\favouriteRouters.js": {"path":"D:\\Hacktiv8\\Phase-2Repeat\\IP-RMT48\\server\\routers\\favouriteRouters.js","statementMap":{"0":{"start":{"line":1,"column":16},"end":{"line":1,"column":34}},"1":{"start":{"line":2,"column":23},"end":{"line":2,"column":62}},"2":{"start":{"line":3,"column":23},"end":{"line":3,"column":63}},"3":{"start":{"line":4,"column":22},"end":{"line":4,"column":60}},"4":{"start":{"line":5,"column":15},"end":{"line":5,"column":31}},"5":{"start":{"line":7,"column":0},"end":{"line":7,"column":64}},"6":{"start":{"line":8,"column":0},"end":{"line":8,"column":69}},"7":{"start":{"line":9,"column":0},"end":{"line":9,"column":82}},"8":{"start":{"line":10,"column":0},"end":{"line":10,"column":85}},"9":{"start":{"line":13,"column":0},"end":{"line":13,"column":24}}},"fnMap":{},"branchMap":{},"s":{"0":1,"1":1,"2":1,"3":1,"4":1,"5":1,"6":1,"7":1,"8":1,"9":1},"f":{},"b":{},"_coverageSchema":"1a1c01bbd47fc00a2c39e90264f33305004495a9","hash":"4095f67e6221a5155cd57c4b5613cf2ff6d7edb4"}
,"D:\\Hacktiv8\\Phase-2Repeat\\IP-RMT48\\server\\routers\\index.js": {"path":"D:\\Hacktiv8\\Phase-2Repeat\\IP-RMT48\\server\\routers\\index.js","statementMap":{"0":{"start":{"line":1,"column":16},"end":{"line":1,"column":34}},"1":{"start":{"line":2,"column":15},"end":{"line":2,"column":31}},"2":{"start":{"line":3,"column":23},"end":{"line":3,"column":63}},"3":{"start":{"line":4,"column":23},"end":{"line":4,"column":62}},"4":{"start":{"line":7,"column":16},"end":{"line":7,"column":33}},"5":{"start":{"line":8,"column":16},"end":{"line":8,"column":38}},"6":{"start":{"line":9,"column":15},"end":{"line":11,"column":2}},"7":{"start":{"line":14,"column":0},"end":{"line":14,"column":50}},"8":{"start":{"line":15,"column":0},"end":{"line":15,"column":44}},"9":{"start":{"line":16,"column":0},"end":{"line":16,"column":122}},"10":{"start":{"line":19,"column":0},"end":{"line":19,"column":47}},"11":{"start":{"line":20,"column":0},"end":{"line":20,"column":57}},"12":{"start":{"line":22,"column":0},"end":{"line":22,"column":24}}},"fnMap":{},"branchMap":{},"s":{"0":1,"1":1,"2":1,"3":1,"4":1,"5":1,"6":1,"7":1,"8":1,"9":1,"10":1,"11":1,"12":1},"f":{},"b":{},"_coverageSchema":"1a1c01bbd47fc00a2c39e90264f33305004495a9","hash":"7ecef37601465a981a8e9b87363a97e48b754465"}
}
