TN:
SF:app.js
FN:20,(anonymous_0)
FNF:1
FNH:0
FNDA:0,(anonymous_0)
DA:1,1
DA:2,1
DA:5,1
DA:6,1
DA:7,1
DA:11,1
DA:12,1
DA:15,1
DA:18,1
DA:20,1
DA:21,0
DA:25,1
DA:31,1
LF:13
LH:12
BRDA:1,0,0,1
BRDA:1,0,1,0
BRF:2
BRH:1
end_of_record
TN:
SF:controllers\MainController.js
FN:6,(anonymous_0)
FN:16,(anonymous_1)
FN:29,(anonymous_2)
FN:48,(anonymous_3)
FN:79,(anonymous_4)
FN:102,(anonymous_5)
FNF:6
FNH:6
FNDA:1,(anonymous_0)
FNDA:2,(anonymous_1)
FNDA:1,(anonymous_2)
FNDA:2,(anonymous_3)
FNDA:1,(anonymous_4)
FNDA:1,(anonymous_5)
DA:1,1
DA:2,1
DA:7,1
DA:8,1
DA:10,1
DA:12,0
DA:17,2
DA:18,2
DA:19,2
DA:20,2
DA:22,1
DA:24,1
DA:30,1
DA:31,1
DA:42,1
DA:44,0
DA:49,2
DA:50,2
DA:51,2
DA:52,2
DA:54,1
DA:60,1
DA:61,0
DA:64,1
DA:65,1
DA:66,1
DA:73,1
DA:75,1
DA:80,1
DA:81,1
DA:82,1
DA:83,1
DA:88,1
DA:90,1
DA:91,1
DA:96,1
DA:98,0
DA:103,1
DA:104,1
DA:105,1
DA:110,1
DA:112,1
DA:113,1
DA:115,0
DA:120,1
LF:45
LH:40
BRDA:20,0,0,1
BRDA:20,0,1,1
BRDA:52,1,0,1
BRDA:52,1,1,1
BRDA:60,2,0,0
BRDA:60,2,1,1
BRDA:88,3,0,0
BRDA:88,3,1,1
BRDA:110,4,0,0
BRDA:110,4,1,1
BRF:10
BRH:7
end_of_record
TN:
SF:controllers\UserController.js
FN:18,(anonymous_0)
FN:42,(anonymous_1)
FN:66,(anonymous_2)
FN:79,(anonymous_3)
FN:93,(anonymous_4)
FNF:5
FNH:2
FNDA:6,(anonymous_0)
FNDA:4,(anonymous_1)
FNDA:0,(anonymous_2)
FNDA:0,(anonymous_3)
FNDA:0,(anonymous_4)
DA:1,1
DA:2,1
DA:3,1
DA:4,1
DA:5,1
DA:7,1
DA:8,1
DA:9,1
DA:11,1
DA:19,6
DA:20,6
DA:21,6
DA:22,6
DA:23,5
DA:25,4
DA:32,1
DA:38,5
DA:43,4
DA:44,4
DA:45,4
DA:47,3
DA:49,3
DA:51,2
DA:52,2
DA:54,1
DA:58,1
DA:62,3
DA:67,0
DA:68,0
DA:69,0
DA:70,0
DA:71,0
DA:73,0
DA:74,0
DA:76,0
DA:79,0
DA:82,0
DA:84,0
DA:89,0
DA:94,0
DA:95,0
DA:97,0
DA:101,0
DA:103,0
DA:111,0
DA:112,0
DA:115,0
DA:119,0
DA:121,0
DA:122,0
DA:127,1
LF:51
LH:28
BRDA:22,0,0,1
BRDA:22,0,1,5
BRDA:23,1,0,1
BRDA:23,1,1,4
BRDA:45,2,0,1
BRDA:45,2,1,3
BRDA:45,3,0,4
BRDA:45,3,1,3
BRDA:49,4,0,1
BRDA:49,4,1,2
BRDA:52,5,0,1
BRDA:52,5,1,1
BRDA:70,6,0,0
BRDA:70,6,1,0
BRDA:71,7,0,0
BRDA:71,7,1,0
BRDA:111,8,0,0
BRDA:111,8,1,0
BRF:18
BRH:12
end_of_record
TN:
SF:helper\bcrypt.js
FN:4,(anonymous_0)
FN:5,(anonymous_1)
FNF:2
FNH:2
FNDA:5,(anonymous_0)
FNDA:2,(anonymous_1)
DA:1,1
DA:3,1
DA:4,5
DA:5,2
LF:4
LH:4
BRF:0
BRH:0
end_of_record
TN:
SF:helper\jwt.js
FN:5,(anonymous_0)
FN:11,(anonymous_1)
FNF:2
FNH:2
FNDA:3,(anonymous_0)
FNDA:7,(anonymous_1)
DA:1,1
DA:2,1
DA:3,1
DA:5,1
DA:6,3
DA:8,3
DA:11,1
DA:12,7
DA:14,7
DA:17,1
LF:10
LH:10
BRF:0
BRH:0
end_of_record
TN:
SF:middleware\authentication.js
FN:4,(anonymous_0)
FNF:1
FNH:1
FNDA:13,(anonymous_0)
DA:1,1
DA:2,1
DA:4,1
DA:5,13
DA:6,13
DA:7,13
DA:9,10
DA:10,10
DA:11,10
DA:13,7
DA:14,7
DA:15,7
DA:17,7
DA:22,7
DA:24,6
DA:28,1
LF:16
LH:16
BRDA:7,0,0,3
BRDA:7,0,1,10
BRDA:11,1,0,3
BRDA:11,1,1,7
BRDA:15,2,0,0
BRDA:15,2,1,7
BRF:6
BRH:5
end_of_record
TN:
SF:middleware\authorization.js
FN:3,(anonymous_0)
FNF:1
FNH:1
FNDA:4,(anonymous_0)
DA:1,1
DA:3,1
DA:4,4
DA:5,4
DA:6,4
DA:11,4
DA:13,2
DA:14,2
DA:15,0
DA:16,0
DA:19,2
DA:23,1
LF:12
LH:10
BRDA:11,0,0,2
BRDA:11,0,1,2
BRDA:13,1,0,2
BRDA:13,1,1,0
BRDA:15,2,0,0
BRDA:15,2,1,0
BRF:6
BRH:3
end_of_record
TN:
SF:middleware\errorHandlers.js
FN:1,errorHandler
FNF:1
FNH:1
FNDA:18,errorHandler
DA:2,18
DA:3,18
DA:4,2
DA:5,16
DA:6,1
DA:7,15
DA:8,1
DA:9,14
DA:10,1
DA:11,13
DA:12,1
DA:13,12
DA:14,2
DA:15,10
DA:16,0
DA:17,10
DA:18,0
DA:19,10
DA:20,6
DA:21,4
DA:22,0
DA:23,4
DA:24,0
DA:25,4
DA:26,2
DA:27,2
DA:28,2
DA:30,0
DA:34,1
LF:29
LH:24
BRDA:3,0,0,2
BRDA:3,0,1,16
BRDA:5,1,0,1
BRDA:5,1,1,15
BRDA:7,2,0,1
BRDA:7,2,1,14
BRDA:9,3,0,1
BRDA:9,3,1,13
BRDA:11,4,0,1
BRDA:11,4,1,12
BRDA:13,5,0,2
BRDA:13,5,1,10
BRDA:15,6,0,0
BRDA:15,6,1,10
BRDA:17,7,0,0
BRDA:17,7,1,10
BRDA:19,8,0,6
BRDA:19,8,1,4
BRDA:21,9,0,0
BRDA:21,9,1,4
BRDA:23,10,0,0
BRDA:23,10,1,4
BRDA:25,11,0,2
BRDA:25,11,1,2
BRDA:27,12,0,2
BRDA:27,12,1,0
BRF:26
BRH:21
end_of_record
TN:
SF:models\book.js
FN:5,(anonymous_0)
FN:12,(anonymous_1)
FNF:2
FNH:2
FNDA:1,(anonymous_0)
FNDA:1,(anonymous_1)
DA:4,1
DA:5,1
DA:14,1
DA:21,1
DA:36,1
LF:5
LH:5
BRF:0
BRH:0
end_of_record
TN:
SF:models\character.js
FN:5,(anonymous_0)
FN:12,(anonymous_1)
FNF:2
FNH:2
FNDA:1,(anonymous_0)
FNDA:1,(anonymous_1)
DA:4,1
DA:5,1
DA:16,1
DA:31,1
LF:4
LH:4
BRF:0
BRH:0
end_of_record
TN:
SF:models\favourite.js
FN:5,(anonymous_0)
FN:12,(anonymous_1)
FNF:2
FNH:2
FNDA:1,(anonymous_0)
FNDA:1,(anonymous_1)
DA:4,1
DA:5,1
DA:14,1
DA:17,1
DA:22,1
DA:50,1
LF:6
LH:6
BRF:0
BRH:0
end_of_record
TN:
SF:models\index.js
FN:21,(anonymous_0)
FN:29,(anonymous_1)
FN:34,(anonymous_2)
FNF:3
FNH:3
FNDA:6,(anonymous_0)
FNDA:5,(anonymous_1)
FNDA:5,(anonymous_2)
DA:3,1
DA:4,1
DA:5,1
DA:6,1
DA:7,1
DA:8,1
DA:9,1
DA:10,1
DA:13,1
DA:14,0
DA:16,1
DA:19,1
DA:22,6
DA:30,5
DA:31,5
DA:34,1
DA:35,5
DA:36,5
DA:40,1
DA:41,1
DA:43,1
LF:21
LH:20
BRDA:8,0,0,1
BRDA:8,0,1,0
BRDA:13,1,0,0
BRDA:13,1,1,1
BRDA:23,2,0,6
BRDA:23,2,1,6
BRDA:23,2,2,5
BRDA:23,2,3,5
BRDA:35,3,0,5
BRDA:35,3,1,0
BRF:10
BRH:7
end_of_record
TN:
SF:models\quote.js
FN:5,(anonymous_0)
FN:12,(anonymous_1)
FNF:2
FNH:2
FNDA:1,(anonymous_0)
FNDA:1,(anonymous_1)
DA:4,1
DA:5,1
DA:16,1
DA:23,1
LF:4
LH:4
BRF:0
BRH:0
end_of_record
TN:
SF:models\user.js
FN:6,(anonymous_0)
FN:13,(anonymous_1)
FN:58,(anonymous_2)
FNF:3
FNH:3
FNDA:1,(anonymous_0)
FNDA:1,(anonymous_1)
FNDA:3,(anonymous_2)
DA:4,1
DA:5,1
DA:6,1
DA:15,1
DA:22,1
DA:59,3
DA:63,1
LF:7
LH:7
BRF:0
BRH:0
end_of_record
TN:
SF:routers\bookRouters.js
FNF:0
FNH:0
DA:1,1
DA:2,1
DA:3,1
DA:4,1
DA:6,1
DA:7,1
DA:9,1
LF:7
LH:7
BRF:0
BRH:0
end_of_record
TN:
SF:routers\favouriteRouters.js
FNF:0
FNH:0
DA:1,1
DA:2,1
DA:3,1
DA:4,1
DA:5,1
DA:7,1
DA:8,1
DA:9,1
DA:10,1
DA:13,1
LF:10
LH:10
BRF:0
BRH:0
end_of_record
TN:
SF:routers\index.js
FNF:0
FNH:0
DA:1,1
DA:2,1
DA:3,1
DA:4,1
DA:7,1
DA:8,1
DA:9,1
DA:14,1
DA:15,1
DA:16,1
DA:17,1
DA:20,1
DA:21,1
DA:23,1
LF:14
LH:14
BRF:0
BRH:0
end_of_record
TN:
SF:utils\createMailTransporter.js
FN:4,(anonymous_0)
FNF:1
FNH:0
FNDA:0,(anonymous_0)
DA:1,1
DA:2,1
DA:4,1
DA:5,0
DA:14,1
LF:5
LH:4
BRF:0
BRH:0
end_of_record
TN:
SF:utils\sendGreetingMail.js
FN:3,(anonymous_0)
FN:13,(anonymous_1)
FNF:2
FNH:0
FNDA:0,(anonymous_0)
FNDA:0,(anonymous_1)
DA:1,1
DA:3,1
DA:4,0
DA:6,0
DA:13,0
DA:14,0
DA:15,0
DA:17,0
DA:22,1
LF:9
LH:3
BRDA:14,0,0,0
BRDA:14,0,1,0
BRF:2
BRH:0
end_of_record
